This is pdfTeX, Version 3.1415926-2.3-1.40.12 (MiKTeX 2.9 64-bit) (preloaded format=pdflatex 2011.9.30)  29 JAN 2013 17:36
entering extended mode
**introduction.tex
(E:\Repositories\rdfgears.btodorov\ThesisWork\introduction\introduction.tex
LaTeX2e <2011/06/27>
Babel <v3.8m> and hyphenation patterns for english, afrikaans, ancientgreek, ar
abic, armenian, assamese, basque, bengali, bokmal, bulgarian, catalan, coptic, 
croatian, czech, danish, dutch, esperanto, estonian, farsi, finnish, french, ga
lician, german, german-x-2009-06-19, greek, gujarati, hindi, hungarian, iceland
ic, indonesian, interlingua, irish, italian, kannada, kurmanji, lao, latin, lat
vian, lithuanian, malayalam, marathi, mongolian, mongolianlmc, monogreek, ngerm
an, ngerman-x-2009-06-19, nynorsk, oriya, panjabi, pinyin, polish, portuguese, 
romanian, russian, sanskrit, serbian, slovak, slovenian, spanish, swedish, swis
sgerman, tamil, telugu, turkish, turkmen, ukenglish, ukrainian, uppersorbian, u
senglishmax, welsh, loaded.
! Undefined control sequence.
l.2 \chapter
            {\label{cha:intro}Introduction}
The control sequence at the end of the top line
of your error message was never \def'ed. If you have
misspelled it (e.g., `\hobx'), type `I' and the correct
spelling (e.g., `I\hbox'). Otherwise just continue,
and I'll forget about whatever was undefined.


! LaTeX Error: Missing \begin{document}.

See the LaTeX manual or LaTeX Companion for explanation.
Type  H <return>  for immediate help.
 ...                                              
                                                  
l.2 \chapter{\label{cha:intro}I
                               ntroduction}
You're in trouble here.  Try typing  <return>  to proceed.
If that doesn't work, type  X <return>  to quit.

Missing character: There is no I in font nullfont!
Missing character: There is no n in font nullfont!
Missing character: There is no t in font nullfont!
Missing character: There is no r in font nullfont!
Missing character: There is no o in font nullfont!
Missing character: There is no d in font nullfont!
Missing character: There is no u in font nullfont!
Missing character: There is no c in font nullfont!
Missing character: There is no t in font nullfont!
Missing character: There is no i in font nullfont!
Missing character: There is no o in font nullfont!
Missing character: There is no n in font nullfont!

Overfull \hbox (20.0pt too wide) in paragraph at lines 2--3
[] 
 []

! Undefined control sequence.
l.4 \section
            {Motivation}
The control sequence at the end of the top line
of your error message was never \def'ed. If you have
misspelled it (e.g., `\hobx'), type `I' and the correct
spelling (e.g., `I\hbox'). Otherwise just continue,
and I'll forget about whatever was undefined.


! LaTeX Error: Missing \begin{document}.

See the LaTeX manual or LaTeX Companion for explanation.
Type  H <return>  for immediate help.
 ...                                              
                                                  
l.4 \section{M
              otivation}
You're in trouble here.  Try typing  <return>  to proceed.
If that doesn't work, type  X <return>  to quit.

Missing character: There is no M in font nullfont!
Missing character: There is no o in font nullfont!
Missing character: There is no t in font nullfont!
Missing character: There is no i in font nullfont!
Missing character: There is no v in font nullfont!
Missing character: There is no a in font nullfont!
Missing character: There is no t in font nullfont!
Missing character: There is no i in font nullfont!
Missing character: There is no o in font nullfont!
Missing character: There is no n in font nullfont!

Overfull \hbox (20.0pt too wide) in paragraph at lines 4--5
[] 
 []

! Undefined control sequence.
l.7 \subsection
               {Research questions}
The control sequence at the end of the top line
of your error message was never \def'ed. If you have
misspelled it (e.g., `\hobx'), type `I' and the correct
spelling (e.g., `I\hbox'). Otherwise just continue,
and I'll forget about whatever was undefined.


! LaTeX Error: Missing \begin{document}.

See the LaTeX manual or LaTeX Companion for explanation.
Type  H <return>  for immediate help.
 ...                                              
                                                  
l.7 \subsection{R
                 esearch questions}
You're in trouble here.  Try typing  <return>  to proceed.
If that doesn't work, type  X <return>  to quit.

Missing character: There is no R in font nullfont!
Missing character: There is no e in font nullfont!
Missing character: There is no s in font nullfont!
Missing character: There is no e in font nullfont!
Missing character: There is no a in font nullfont!
Missing character: There is no r in font nullfont!
Missing character: There is no c in font nullfont!
Missing character: There is no h in font nullfont!
Missing character: There is no q in font nullfont!
Missing character: There is no u in font nullfont!
Missing character: There is no e in font nullfont!
Missing character: There is no s in font nullfont!
Missing character: There is no t in font nullfont!
Missing character: There is no i in font nullfont!
Missing character: There is no o in font nullfont!
Missing character: There is no n in font nullfont!
Missing character: There is no s in font nullfont!

Overfull \hbox (20.0pt too wide) in paragraph at lines 7--8
[]
 []


! LaTeX Error: Missing \begin{document}.

See the LaTeX manual or LaTeX Companion for explanation.
Type  H <return>  for immediate help.
 ...                                              
                                                  
l.9 T
     he main research question is the following:
You're in trouble here.  Try typing  <return>  to proceed.
If that doesn't work, type  X <return>  to quit.

Missing character: There is no T in font nullfont!
Missing character: There is no h in font nullfont!
Missing character: There is no e in font nullfont!
Missing character: There is no m in font nullfont!
Missing character: There is no a in font nullfont!
Missing character: There is no i in font nullfont!
Missing character: There is no n in font nullfont!
Missing character: There is no r in font nullfont!
Missing character: There is no e in font nullfont!
Missing character: There is no s in font nullfont!
Missing character: There is no e in font nullfont!
Missing character: There is no a in font nullfont!
Missing character: There is no r in font nullfont!
Missing character: There is no c in font nullfont!
Missing character: There is no h in font nullfont!
Missing character: There is no q in font nullfont!
Missing character: There is no u in font nullfont!
Missing character: There is no e in font nullfont!
Missing character: There is no s in font nullfont!
Missing character: There is no t in font nullfont!
Missing character: There is no i in font nullfont!
Missing character: There is no o in font nullfont!
Missing character: There is no n in font nullfont!
Missing character: There is no i in font nullfont!
Missing character: There is no s in font nullfont!
Missing character: There is no t in font nullfont!
Missing character: There is no h in font nullfont!
Missing character: There is no e in font nullfont!
Missing character: There is no f in font nullfont!
Missing character: There is no o in font nullfont!
Missing character: There is no l in font nullfont!
Missing character: There is no l in font nullfont!
Missing character: There is no o in font nullfont!
Missing character: There is no w in font nullfont!
Missing character: There is no i in font nullfont!
Missing character: There is no n in font nullfont!
Missing character: There is no g in font nullfont!
Missing character: There is no : in font nullfont!

Overfull \hbox (20.0pt too wide) in paragraph at lines 9--10
[]
 []


! LaTeX Error: Missing \begin{document}.

See the LaTeX manual or LaTeX Companion for explanation.
Type  H <return>  for immediate help.
 ...                                              
                                                  
l.11 ...interested in user modeling and analysis?}
                                                  \\
You're in trouble here.  Try typing  <return>  to proceed.
If that doesn't work, type  X <return>  to quit.


Overfull \hbox (42.736pt too wide) in paragraph at lines 11--12
[]\OT1/cmr/bx/n/10 How
 []


Overfull \hbox (10.22217pt too wide) in paragraph at lines 11--12
\OT1/cmr/bx/n/10 to
 []


Overfull \hbox (12.93741pt too wide) in paragraph at lines 11--12
\OT1/cmr/bx/n/10 fa-
 []


Overfull \hbox (15.33325pt too wide) in paragraph at lines 11--12
\OT1/cmr/bx/n/10 cil-
 []


Overfull \hbox (7.02774pt too wide) in paragraph at lines 11--12
\OT1/cmr/bx/n/10 i-
 []


Overfull \hbox (19.80544pt too wide) in paragraph at lines 11--12
\OT1/cmr/bx/n/10 tate
 []


Overfull \hbox (16.13187pt too wide) in paragraph at lines 11--12
\OT1/cmr/bx/n/10 the
 []


Overfull \hbox (24.54155pt too wide) in paragraph at lines 11--12
\OT1/cmr/bx/n/10 work
 []


Overfull \hbox (9.26384pt too wide) in paragraph at lines 11--12
\OT1/cmr/bx/n/10 of
 []


Overfull \hbox (16.6749pt too wide) in paragraph at lines 11--12
\OT1/cmr/bx/n/10 sci-
 []


Overfull \hbox (15.49298pt too wide) in paragraph at lines 11--12
\OT1/cmr/bx/n/10 en-
 []


Overfull \hbox (21.21097pt too wide) in paragraph at lines 11--12
\OT1/cmr/bx/n/10 tists
 []


Overfull \hbox (18.36794pt too wide) in paragraph at lines 11--12
\OT1/cmr/bx/n/10 and
 []


Overfull \hbox (14.31938pt too wide) in paragraph at lines 11--12
\OT1/cmr/bx/n/10 or-
 []


Overfull \hbox (15.17351pt too wide) in paragraph at lines 11--12
\OT1/cmr/bx/n/10 ga-
 []


Overfull \hbox (13.4166pt too wide) in paragraph at lines 11--12
\OT1/cmr/bx/n/10 ni-
 []


Overfull \hbox (14.53462pt too wide) in paragraph at lines 11--12
\OT1/cmr/bx/n/10 za-
 []


Overfull \hbox (24.34152pt too wide) in paragraph at lines 11--12
\OT1/cmr/bx/n/10 tions
 []


Overfull \hbox (13.4166pt too wide) in paragraph at lines 11--12
\OT1/cmr/bx/n/10 in-
 []


Overfull \hbox (18.31242pt too wide) in paragraph at lines 11--12
\OT1/cmr/bx/n/10 ter-
 []


Overfull \hbox (25.93875pt too wide) in paragraph at lines 11--12
\OT1/cmr/bx/n/10 ested
 []


Overfull \hbox (9.58328pt too wide) in paragraph at lines 11--12
\OT1/cmr/bx/n/10 in
 []


Overfull \hbox (20.93184pt too wide) in paragraph at lines 11--12
\OT1/cmr/bx/n/10 user
 []


Overfull \hbox (25.87486pt too wide) in paragraph at lines 11--12
\OT1/cmr/bx/n/10 mod-
 []


Overfull \hbox (12.29855pt too wide) in paragraph at lines 11--12
\OT1/cmr/bx/n/10 el-
 []


Overfull \hbox (15.33325pt too wide) in paragraph at lines 11--12
\OT1/cmr/bx/n/10 ing
 []


Overfull \hbox (18.36794pt too wide) in paragraph at lines 11--12
\OT1/cmr/bx/n/10 and
 []


Overfull \hbox (24.59705pt too wide) in paragraph at lines 11--12
\OT1/cmr/bx/n/10 anal-
 []


Overfull \hbox (9.90273pt too wide) in paragraph at lines 11--12
\OT1/cmr/bx/n/10 y-
 []


Overfull \hbox (17.6971pt too wide) in paragraph at lines 11--12
\OT1/cmr/bx/n/10 sis? 
 []


! LaTeX Error: Missing \begin{document}.

See the LaTeX manual or LaTeX Companion for explanation.
Type  H <return>  for immediate help.
 ...                                              
                                                  
l.13 T
      he following sub-questions articulate the problem:
You're in trouble here.  Try typing  <return>  to proceed.
If that doesn't work, type  X <return>  to quit.

Missing character: There is no T in font nullfont!
Missing character: There is no h in font nullfont!
Missing character: There is no e in font nullfont!
Missing character: There is no f in font nullfont!
Missing character: There is no o in font nullfont!
Missing character: There is no l in font nullfont!
Missing character: There is no l in font nullfont!
Missing character: There is no o in font nullfont!
Missing character: There is no w in font nullfont!
Missing character: There is no i in font nullfont!
Missing character: There is no n in font nullfont!
Missing character: There is no g in font nullfont!
Missing character: There is no s in font nullfont!
Missing character: There is no u in font nullfont!
Missing character: There is no b in font nullfont!
Missing character: There is no - in font nullfont!
Missing character: There is no q in font nullfont!
Missing character: There is no u in font nullfont!
Missing character: There is no e in font nullfont!
Missing character: There is no s in font nullfont!
Missing character: There is no t in font nullfont!
Missing character: There is no i in font nullfont!
Missing character: There is no o in font nullfont!
Missing character: There is no n in font nullfont!
Missing character: There is no s in font nullfont!
Missing character: There is no a in font nullfont!
Missing character: There is no r in font nullfont!
Missing character: There is no t in font nullfont!
Missing character: There is no i in font nullfont!
Missing character: There is no c in font nullfont!
Missing character: There is no u in font nullfont!
Missing character: There is no l in font nullfont!
Missing character: There is no a in font nullfont!
Missing character: There is no t in font nullfont!
Missing character: There is no e in font nullfont!
Missing character: There is no t in font nullfont!
Missing character: There is no h in font nullfont!
Missing character: There is no e in font nullfont!
Missing character: There is no p in font nullfont!
Missing character: There is no r in font nullfont!
Missing character: There is no o in font nullfont!
Missing character: There is no b in font nullfont!
Missing character: There is no l in font nullfont!
Missing character: There is no e in font nullfont!
Missing character: There is no m in font nullfont!
Missing character: There is no : in font nullfont!

Overfull \hbox (20.0pt too wide) in paragraph at lines 13--14
[]
 []


! LaTeX Error: Missing \begin{document}.

See the LaTeX manual or LaTeX Companion for explanation.
Type  H <return>  for immediate help.
 ...                                              
                                                  
l.15 \begin{enumerate}
                      
You're in trouble here.  Try typing  <return>  to proceed.
If that doesn't work, type  X <return>  to quit.


Overfull \hbox (20.0pt too wide) in paragraph at lines 15--15
[] 
 []

Missing character: There is no ( in font nullfont!
Missing character: There is no p in font nullfont!
Missing character: There is no l in font nullfont!
Missing character: There is no u in font nullfont!
Missing character: There is no g in font nullfont!
Missing character: There is no - in font nullfont!
Missing character: There is no i in font nullfont!
Missing character: There is no n in font nullfont!
Missing character: There is no s in font nullfont!
Missing character: There is no ) in font nullfont!

Overfull \hbox (22.736pt too wide) in paragraph at lines 16--17
\OT1/cmr/bx/n/10 How
 []


Overfull \hbox (10.22217pt too wide) in paragraph at lines 16--17
\OT1/cmr/bx/n/10 to
 []


Overfull \hbox (15.49298pt too wide) in paragraph at lines 16--17
\OT1/cmr/bx/n/10 en-
 []


Overfull \hbox (20.44432pt too wide) in paragraph at lines 16--17
\OT1/cmr/bx/n/10 able
 []


Overfull \hbox (25.46791pt too wide) in paragraph at lines 16--17
\OT1/cmr/bx/n/10 users
 []


Overfull \hbox (10.22217pt too wide) in paragraph at lines 16--17
\OT1/cmr/bx/n/10 to
 []


Overfull \hbox (18.36794pt too wide) in paragraph at lines 16--17
\OT1/cmr/bx/n/10 add
 []


Overfull \hbox (19.86932pt too wide) in paragraph at lines 16--17
\OT1/cmr/bx/n/10 cus-
 []


Overfull \hbox (19.80545pt too wide) in paragraph at lines 16--17
\OT1/cmr/bx/n/10 tom
 []


Overfull \hbox (25.23598pt too wide) in paragraph at lines 16--17
\OT1/cmr/bx/n/10 func-
 []


Overfull \hbox (23.63876pt too wide) in paragraph at lines 16--17
\OT1/cmr/bx/n/10 tion-
 []


Overfull \hbox (12.61797pt too wide) in paragraph at lines 16--17
\OT1/cmr/bx/n/10 al-
 []


Overfull \hbox (13.4166pt too wide) in paragraph at lines 16--17
\OT1/cmr/bx/n/10 ity
 []


Overfull \hbox (18.36794pt too wide) in paragraph at lines 16--17
\OT1/cmr/bx/n/10 and
 []


Overfull \hbox (34.18036pt too wide) in paragraph at lines 16--17
\OT1/cmr/bx/n/10 change
 []


Overfull \hbox (18.97487pt too wide) in paragraph at lines 16--17
\OT1/cmr/bx/n/10 sys-
 []


Overfull \hbox (27.0568pt too wide) in paragraph at lines 16--17
\OT1/cmr/bx/n/10 tem's
 []


Overfull \hbox (15.81242pt too wide) in paragraph at lines 16--17
\OT1/cmr/bx/n/10 be-
 []


Overfull \hbox (43.22893pt too wide) in paragraph at lines 16--17
\OT1/cmr/bx/n/10 haviour?
 []

Missing character: There is no ( in font nullfont!
Missing character: There is no U in font nullfont!
Missing character: There is no n in font nullfont!
Missing character: There is no i in font nullfont!
Missing character: There is no v in font nullfont!
Missing character: There is no e in font nullfont!
Missing character: There is no r in font nullfont!
Missing character: There is no s in font nullfont!
Missing character: There is no a in font nullfont!
Missing character: There is no l in font nullfont!
Missing character: There is no d in font nullfont!
Missing character: There is no a in font nullfont!
Missing character: There is no t in font nullfont!
Missing character: There is no a in font nullfont!
Missing character: There is no s in font nullfont!
Missing character: There is no t in font nullfont!
Missing character: There is no o in font nullfont!
Missing character: There is no r in font nullfont!
Missing character: There is no e in font nullfont!
Missing character: There is no ) in font nullfont!

Overfull \hbox (8.89716pt too wide) in paragraph at lines 18--19
\OT1/cmr/bx/n/10 Is
 []


Overfull \hbox (7.66663pt too wide) in paragraph at lines 18--19
\OT1/cmr/bx/n/10 it
 []


Overfull \hbox (20.82765pt too wide) in paragraph at lines 18--19
\OT1/cmr/bx/n/10 pos-
 []


Overfull \hbox (11.56381pt too wide) in paragraph at lines 18--19
\OT1/cmr/bx/n/10 si-
 []


Overfull \hbox (14.8541pt too wide) in paragraph at lines 18--19
\OT1/cmr/bx/n/10 ble
 []


Overfull \hbox (10.22217pt too wide) in paragraph at lines 18--19
\OT1/cmr/bx/n/10 to
 []


Overfull \hbox (15.49298pt too wide) in paragraph at lines 18--19
\OT1/cmr/bx/n/10 de-
 []


Overfull \hbox (26.35403pt too wide) in paragraph at lines 18--19
\OT1/cmr/bx/n/10 velop
 []


Overfull \hbox (5.59023pt too wide) in paragraph at lines 18--19
\OT1/cmr/bx/n/10 a
 []


Overfull \hbox (24.27765pt too wide) in paragraph at lines 18--19
\OT1/cmr/bx/n/10 com-
 []


Overfull \hbox (16.29158pt too wide) in paragraph at lines 18--19
\OT1/cmr/bx/n/10 po-
 []


Overfull \hbox (22.20128pt too wide) in paragraph at lines 18--19
\OT1/cmr/bx/n/10 nent
 []


Overfull \hbox (20.92348pt too wide) in paragraph at lines 18--19
\OT1/cmr/bx/n/10 that
 []


Overfull \hbox (15.49298pt too wide) in paragraph at lines 18--19
\OT1/cmr/bx/n/10 en-
 []


Overfull \hbox (24.9804pt too wide) in paragraph at lines 18--19
\OT1/cmr/bx/n/10 ables
 []


Overfull \hbox (25.46791pt too wide) in paragraph at lines 18--19
\OT1/cmr/bx/n/10 users
 []


Overfull \hbox (10.22217pt too wide) in paragraph at lines 18--19
\OT1/cmr/bx/n/10 to
 []


Overfull \hbox (24.76515pt too wide) in paragraph at lines 18--19
\OT1/cmr/bx/n/10 store
 []


Overfull \hbox (18.36794pt too wide) in paragraph at lines 18--19
\OT1/cmr/bx/n/10 and
 []


Overfull \hbox (13.84023pt too wide) in paragraph at lines 18--19
\OT1/cmr/bx/n/10 re-
 []


Overfull \hbox (28.69432pt too wide) in paragraph at lines 18--19
\OT1/cmr/bx/n/10 trieve
 []


Overfull \hbox (13.4166pt too wide) in paragraph at lines 18--19
\OT1/cmr/bx/n/10 in-
 []


Overfull \hbox (17.83325pt too wide) in paragraph at lines 18--19
\OT1/cmr/bx/n/10 for-
 []


Overfull \hbox (19.00682pt too wide) in paragraph at lines 18--19
\OT1/cmr/bx/n/10 ma-
 []


Overfull \hbox (19.80545pt too wide) in paragraph at lines 18--19
\OT1/cmr/bx/n/10 tion
 []


Overfull \hbox (9.58328pt too wide) in paragraph at lines 18--19
\OT1/cmr/bx/n/10 in
 []


Overfull \hbox (14.15964pt too wide) in paragraph at lines 18--19
\OT1/cmr/bx/n/10 ar-
 []


Overfull \hbox (13.4166pt too wide) in paragraph at lines 18--19
\OT1/cmr/bx/n/10 bi-
 []


Overfull \hbox (25.60403pt too wide) in paragraph at lines 18--19
\OT1/cmr/bx/n/10 trary
 []


Overfull \hbox (22.0415pt too wide) in paragraph at lines 18--19
\OT1/cmr/bx/n/10 data
 []


Overfull \hbox (17.83325pt too wide) in paragraph at lines 18--19
\OT1/cmr/bx/n/10 for-
 []


Overfull \hbox (29.6123pt too wide) in paragraph at lines 18--19
\OT1/cmr/bx/n/10 mats?
 []

Missing character: There is no ( in font nullfont!
Missing character: There is no S in font nullfont!
Missing character: There is no c in font nullfont!
Missing character: There is no h in font nullfont!
Missing character: There is no e in font nullfont!
Missing character: There is no d in font nullfont!
Missing character: There is no u in font nullfont!
Missing character: There is no l in font nullfont!
Missing character: There is no i in font nullfont!
Missing character: There is no n in font nullfont!
Missing character: There is no g in font nullfont!
Missing character: There is no ) in font nullfont!

Overfull \hbox (22.736pt too wide) in paragraph at lines 20--21
\OT1/cmr/bx/n/10 How
 []


Overfull \hbox (10.22217pt too wide) in paragraph at lines 20--21
\OT1/cmr/bx/n/10 to
 []


Overfull \hbox (15.49298pt too wide) in paragraph at lines 20--21
\OT1/cmr/bx/n/10 en-
 []


Overfull \hbox (20.44432pt too wide) in paragraph at lines 20--21
\OT1/cmr/bx/n/10 able
 []


Overfull \hbox (25.46791pt too wide) in paragraph at lines 20--21
\OT1/cmr/bx/n/10 users
 []


Overfull \hbox (10.22217pt too wide) in paragraph at lines 20--21
\OT1/cmr/bx/n/10 to
 []


Overfull \hbox (28.5901pt too wide) in paragraph at lines 20--21
\OT1/cmr/bx/n/10 main-
 []


Overfull \hbox (19.6457pt too wide) in paragraph at lines 20--21
\OT1/cmr/bx/n/10 tain
 []


Overfull \hbox (24.0624pt too wide) in paragraph at lines 20--21
\OT1/cmr/bx/n/10 their
 []


Overfull \hbox (13.84023pt too wide) in paragraph at lines 20--21
\OT1/cmr/bx/n/10 re-
 []


Overfull \hbox (23.12762pt too wide) in paragraph at lines 20--21
\OT1/cmr/bx/n/10 sults
 []


Overfull \hbox (16.61102pt too wide) in paragraph at lines 20--21
\OT1/cmr/bx/n/10 up-
 []


Overfull \hbox (14.05548pt too wide) in paragraph at lines 20--21
\OT1/cmr/bx/n/10 to-
 []


Overfull \hbox (27.15262pt too wide) in paragraph at lines 20--21
\OT1/cmr/bx/n/10 date?
 []

Missing character: There is no ( in font nullfont!
Missing character: There is no M in font nullfont!
Missing character: There is no u in font nullfont!
Missing character: There is no l in font nullfont!
Missing character: There is no t in font nullfont!
Missing character: There is no i in font nullfont!
Missing character: There is no U in font nullfont!
Missing character: There is no s in font nullfont!
Missing character: There is no e in font nullfont!
Missing character: There is no r in font nullfont!
Missing character: There is no a in font nullfont!
Missing character: There is no n in font nullfont!
Missing character: There is no d in font nullfont!
Missing character: There is no p in font nullfont!
Missing character: There is no r in font nullfont!
Missing character: There is no i in font nullfont!
Missing character: There is no v in font nullfont!
Missing character: There is no a in font nullfont!
Missing character: There is no c in font nullfont!
Missing character: There is no y in font nullfont!
Missing character: There is no ) in font nullfont!

Overfull \hbox (22.736pt too wide) in paragraph at lines 23--24
\OT1/cmr/bx/n/10 How
 []


Overfull \hbox (10.22217pt too wide) in paragraph at lines 23--24
\OT1/cmr/bx/n/10 to
 []


Overfull \hbox (15.49298pt too wide) in paragraph at lines 23--24
\OT1/cmr/bx/n/10 en-
 []


Overfull \hbox (20.44432pt too wide) in paragraph at lines 23--24
\OT1/cmr/bx/n/10 able
 []


Overfull \hbox (22.68044pt too wide) in paragraph at lines 23--24
\OT1/cmr/bx/n/10 mul-
 []


Overfull \hbox (11.49994pt too wide) in paragraph at lines 23--24
\OT1/cmr/bx/n/10 ti-
 []


Overfull \hbox (14.8541pt too wide) in paragraph at lines 23--24
\OT1/cmr/bx/n/10 ple
 []


Overfull \hbox (25.46791pt too wide) in paragraph at lines 23--24
\OT1/cmr/bx/n/10 users
 []


Overfull \hbox (10.22217pt too wide) in paragraph at lines 23--24
\OT1/cmr/bx/n/10 to
 []


Overfull \hbox (16.19574pt too wide) in paragraph at lines 23--24
\OT1/cmr/bx/n/10 use
 []


Overfull \hbox (16.13187pt too wide) in paragraph at lines 23--24
\OT1/cmr/bx/n/10 the
 []


Overfull \hbox (18.97487pt too wide) in paragraph at lines 23--24
\OT1/cmr/bx/n/10 sys-
 []


Overfull \hbox (19.3263pt too wide) in paragraph at lines 23--24
\OT1/cmr/bx/n/10 tem
 []


Overfull \hbox (11.56381pt too wide) in paragraph at lines 23--24
\OT1/cmr/bx/n/10 si-
 []


Overfull \hbox (22.68044pt too wide) in paragraph at lines 23--24
\OT1/cmr/bx/n/10 mul-
 []


Overfull \hbox (13.89574pt too wide) in paragraph at lines 23--24
\OT1/cmr/bx/n/10 ta-
 []


Overfull \hbox (15.49298pt too wide) in paragraph at lines 23--24
\OT1/cmr/bx/n/10 ne-
 []


Overfull \hbox (25.93874pt too wide) in paragraph at lines 23--24
\OT1/cmr/bx/n/10 ously
 []


Overfull \hbox (26.1943pt too wide) in paragraph at lines 23--24
\OT1/cmr/bx/n/10 with-
 []


Overfull \hbox (16.61102pt too wide) in paragraph at lines 23--24
\OT1/cmr/bx/n/10 out
 []


Overfull \hbox (13.4166pt too wide) in paragraph at lines 23--24
\OT1/cmr/bx/n/10 in-
 []


Overfull \hbox (18.31242pt too wide) in paragraph at lines 23--24
\OT1/cmr/bx/n/10 ter-
 []


Overfull \hbox (17.3541pt too wide) in paragraph at lines 23--24
\OT1/cmr/bx/n/10 fer-
 []


Overfull \hbox (15.33325pt too wide) in paragraph at lines 23--24
\OT1/cmr/bx/n/10 ing
 []


Overfull \hbox (22.361pt too wide) in paragraph at lines 23--24
\OT1/cmr/bx/n/10 with
 []


Overfull \hbox (22.04153pt too wide) in paragraph at lines 23--24
\OT1/cmr/bx/n/10 each
 []


Overfull \hbox (26.61794pt too wide) in paragraph at lines 23--24
\OT1/cmr/bx/n/10 other
 []


Overfull \hbox (18.36794pt too wide) in paragraph at lines 23--24
\OT1/cmr/bx/n/10 and
 []


Overfull \hbox (26.51376pt too wide) in paragraph at lines 23--24
\OT1/cmr/bx/n/10 keep-
 []


Overfull \hbox (15.33325pt too wide) in paragraph at lines 23--24
\OT1/cmr/bx/n/10 ing
 []


Overfull \hbox (24.0624pt too wide) in paragraph at lines 23--24
\OT1/cmr/bx/n/10 their
 []


Overfull \hbox (24.54155pt too wide) in paragraph at lines 23--24
\OT1/cmr/bx/n/10 work
 []


Overfull \hbox (18.36794pt too wide) in paragraph at lines 23--24
\OT1/cmr/bx/n/10 and
 []


Overfull \hbox (13.84023pt too wide) in paragraph at lines 23--24
\OT1/cmr/bx/n/10 re-
 []


Overfull \hbox (23.12762pt too wide) in paragraph at lines 23--24
\OT1/cmr/bx/n/10 sults
 []


Overfull \hbox (20.70824pt too wide) in paragraph at lines 23--24
\OT1/cmr/bx/n/10 pro-
 []


Overfull \hbox (36.41649pt too wide) in paragraph at lines 23--24
\OT1/cmr/bx/n/10 tected?
 []


Overfull \hbox (22.736pt too wide) in paragraph at lines 26--27
\OT1/cmr/bx/n/10 How
 []


Overfull \hbox (17.09016pt too wide) in paragraph at lines 26--27
\OT1/cmr/bx/n/10 can
 []


Overfull \hbox (22.62488pt too wide) in paragraph at lines 26--27
\OT1/cmr/bx/n/10 real-
 []


Overfull \hbox (28.05542pt too wide) in paragraph at lines 26--27
\OT1/cmr/bx/n/10 world
 []


Overfull \hbox (16.19574pt too wide) in paragraph at lines 26--27
\OT1/cmr/bx/n/10 use
 []


Overfull \hbox (25.04427pt too wide) in paragraph at lines 26--27
\OT1/cmr/bx/n/10 cases
 []


Overfull \hbox (22.20128pt too wide) in paragraph at lines 26--27
\OT1/cmr/bx/n/10 ben-
 []


Overfull \hbox (9.10413pt too wide) in paragraph at lines 26--27
\OT1/cmr/bx/n/10 e-
 []


Overfull \hbox (10.86105pt too wide) in paragraph at lines 26--27
\OT1/cmr/bx/n/10 fit
 []


Overfull \hbox (23.58322pt too wide) in paragraph at lines 26--27
\OT1/cmr/bx/n/10 from
 []


Overfull \hbox (18.59155pt too wide) in paragraph at lines 26--27
\OT1/cmr/bx/n/10 this
 []


Overfull \hbox (18.97487pt too wide) in paragraph at lines 26--27
\OT1/cmr/bx/n/10 sys-
 []


Overfull \hbox (24.75682pt too wide) in paragraph at lines 26--27
\OT1/cmr/bx/n/10 tem? 
 []

! Undefined control sequence.
l.30 \subsection
                {Contributions}
The control sequence at the end of the top line
of your error message was never \def'ed. If you have
misspelled it (e.g., `\hobx'), type `I' and the correct
spelling (e.g., `I\hbox'). Otherwise just continue,
and I'll forget about whatever was undefined.

Missing character: There is no C in font nullfont!
Missing character: There is no o in font nullfont!
Missing character: There is no n in font nullfont!
Missing character: There is no t in font nullfont!
Missing character: There is no r in font nullfont!
Missing character: There is no i in font nullfont!
Missing character: There is no b in font nullfont!
Missing character: There is no u in font nullfont!
Missing character: There is no t in font nullfont!
Missing character: There is no i in font nullfont!
Missing character: There is no o in font nullfont!
Missing character: There is no n in font nullfont!
Missing character: There is no s in font nullfont!

Overfull \hbox (20.0pt too wide) in paragraph at lines 30--31
[] 
 []

! Undefined control sequence.
l.32 \subsection
                {Organization of the work}
The control sequence at the end of the top line
of your error message was never \def'ed. If you have
misspelled it (e.g., `\hobx'), type `I' and the correct
spelling (e.g., `I\hbox'). Otherwise just continue,
and I'll forget about whatever was undefined.

Missing character: There is no O in font nullfont!
Missing character: There is no r in font nullfont!
Missing character: There is no g in font nullfont!
Missing character: There is no a in font nullfont!
Missing character: There is no n in font nullfont!
Missing character: There is no i in font nullfont!
Missing character: There is no z in font nullfont!
Missing character: There is no a in font nullfont!
Missing character: There is no t in font nullfont!
Missing character: There is no i in font nullfont!
Missing character: There is no o in font nullfont!
Missing character: There is no n in font nullfont!
Missing character: There is no o in font nullfont!
Missing character: There is no f in font nullfont!
Missing character: There is no t in font nullfont!
Missing character: There is no h in font nullfont!
Missing character: There is no e in font nullfont!
Missing character: There is no w in font nullfont!
Missing character: There is no o in font nullfont!
Missing character: There is no r in font nullfont!
Missing character: There is no k in font nullfont!

Overfull \hbox (20.0pt too wide) in paragraph at lines 32--33
[]
 []

Missing character: There is no T in font nullfont!
Missing character: There is no h in font nullfont!
Missing character: There is no e in font nullfont!
Missing character: There is no r in font nullfont!
Missing character: There is no e in font nullfont!
Missing character: There is no a in font nullfont!
Missing character: There is no r in font nullfont!
Missing character: There is no e in font nullfont!
Missing character: There is no m in font nullfont!
Missing character: There is no a in font nullfont!
Missing character: There is no n in font nullfont!
Missing character: There is no y in font nullfont!
Missing character: There is no p in font nullfont!
Missing character: There is no o in font nullfont!
Missing character: There is no s in font nullfont!
Missing character: There is no s in font nullfont!
Missing character: There is no i in font nullfont!
Missing character: There is no b in font nullfont!
Missing character: There is no l in font nullfont!
Missing character: There is no e in font nullfont!
Missing character: There is no w in font nullfont!
Missing character: There is no a in font nullfont!
Missing character: There is no y in font nullfont!
Missing character: There is no s in font nullfont!
Missing character: There is no t in font nullfont!
Missing character: There is no o in font nullfont!
Missing character: There is no a in font nullfont!
Missing character: There is no p in font nullfont!
Missing character: There is no p in font nullfont!
Missing character: There is no r in font nullfont!
Missing character: There is no o in font nullfont!
Missing character: There is no a in font nullfont!
Missing character: There is no c in font nullfont!
Missing character: There is no h in font nullfont!
Missing character: There is no t in font nullfont!
Missing character: There is no h in font nullfont!
Missing character: There is no a in font nullfont!
Missing character: There is no t in font nullfont!
Missing character: There is no . in font nullfont!
Missing character: There is no O in font nullfont!
Missing character: There is no n in font nullfont!
Missing character: There is no e in font nullfont!
Missing character: There is no c in font nullfont!
Missing character: There is no a in font nullfont!
Missing character: There is no n in font nullfont!
Missing character: There is no u in font nullfont!
Missing character: There is no s in font nullfont!
Missing character: There is no e in font nullfont!
Missing character: There is no t in font nullfont!
Missing character: There is no h in font nullfont!
Missing character: There is no e in font nullfont!
Missing character: There is no w in font nullfont!
Missing character: There is no a in font nullfont!
Missing character: There is no t in font nullfont!
Missing character: There is no e in font nullfont!
Missing character: There is no r in font nullfont!
Missing character: There is no f in font nullfont!
Missing character: There is no l in font nullfont!
Missing character: There is no o in font nullfont!
Missing character: There is no w in font nullfont!
Missing character: There is no m in font nullfont!
Missing character: There is no o in font nullfont!
Missing character: There is no d in font nullfont!
Missing character: There is no e in font nullfont!
Missing character: There is no l in font nullfont!
Missing character: There is no , in font nullfont!
Missing character: There is no i in font nullfont!
Missing character: There is no n in font nullfont!
Missing character: There is no c in font nullfont!
Missing character: There is no r in font nullfont!
Missing character: There is no e in font nullfont!
Missing character: There is no m in font nullfont!
Missing character: There is no e in font nullfont!
Missing character: There is no n in font nullfont!
Missing character: There is no t in font nullfont!
Missing character: There is no a in font nullfont!
Missing character: There is no l in font nullfont!
Missing character: There is no , in font nullfont!
Missing character: There is no . in font nullfont!
Missing character: There is no . in font nullfont!
Missing character: There is no . in font nullfont!
Missing character: There is no . in font nullfont!

Overfull \hbox (20.0pt too wide) in paragraph at lines 34--35
[]
 []

Missing character: There is no I in font nullfont!
Missing character: There is no n in font nullfont!
Missing character: There is no t in font nullfont!
Missing character: There is no h in font nullfont!
Missing character: There is no i in font nullfont!
Missing character: There is no s in font nullfont!
Missing character: There is no w in font nullfont!
Missing character: There is no o in font nullfont!
Missing character: There is no r in font nullfont!
Missing character: There is no k in font nullfont!
Missing character: There is no w in font nullfont!
Missing character: There is no e in font nullfont!
Missing character: There is no w in font nullfont!
Missing character: There is no i in font nullfont!
Missing character: There is no l in font nullfont!
Missing character: There is no l in font nullfont!
Missing character: There is no u in font nullfont!
Missing character: There is no s in font nullfont!
Missing character: There is no e in font nullfont!
Missing character: There is no t in font nullfont!
Missing character: There is no h in font nullfont!
Missing character: There is no e in font nullfont!
Missing character: There is no i in font nullfont!
Missing character: There is no n in font nullfont!
Missing character: There is no c in font nullfont!
Missing character: There is no r in font nullfont!
Missing character: There is no e in font nullfont!
Missing character: There is no m in font nullfont!
Missing character: There is no e in font nullfont!
Missing character: There is no n in font nullfont!
Missing character: There is no t in font nullfont!
Missing character: There is no a in font nullfont!
Missing character: There is no l in font nullfont!
Missing character: There is no m in font nullfont!
Missing character: There is no o in font nullfont!
Missing character: There is no d in font nullfont!
Missing character: There is no e in font nullfont!
Missing character: There is no l in font nullfont!
Missing character: There is no b in font nullfont!
Missing character: There is no e in font nullfont!
Missing character: There is no c in font nullfont!
Missing character: There is no a in font nullfont!
Missing character: There is no u in font nullfont!
Missing character: There is no s in font nullfont!
Missing character: There is no e in font nullfont!
Missing character: There is no o in font nullfont!
Missing character: There is no f in font nullfont!
Missing character: There is no t in font nullfont!
Missing character: There is no h in font nullfont!
Missing character: There is no e in font nullfont!
Missing character: There is no m in font nullfont!
Missing character: There is no a in font nullfont!
Missing character: There is no n in font nullfont!
Missing character: There is no y in font nullfont!
Missing character: There is no a in font nullfont!
Missing character: There is no d in font nullfont!
Missing character: There is no v in font nullfont!
Missing character: There is no a in font nullfont!
Missing character: There is no n in font nullfont!
Missing character: There is no t in font nullfont!
Missing character: There is no a in font nullfont!
Missing character: There is no g in font nullfont!
Missing character: There is no e in font nullfont!
Missing character: There is no s in font nullfont!
Missing character: There is no i in font nullfont!
Missing character: There is no t in font nullfont!
Missing character: There is no b in font nullfont!
Missing character: There is no r in font nullfont!
Missing character: There is no i in font nullfont!
Missing character: There is no n in font nullfont!
Missing character: There is no g in font nullfont!
Missing character: There is no s in font nullfont!
Missing character: There is no . in font nullfont!
Missing character: There is no W in font nullfont!
Missing character: There is no e in font nullfont!
Missing character: There is no d in font nullfont!
Missing character: There is no e in font nullfont!
Missing character: There is no s in font nullfont!
Missing character: There is no i in font nullfont!
Missing character: There is no g in font nullfont!
Missing character: There is no n in font nullfont!
Missing character: There is no a in font nullfont!
Missing character: There is no n in font nullfont!
Missing character: There is no d in font nullfont!
Missing character: There is no i in font nullfont!
Missing character: There is no m in font nullfont!
Missing character: There is no p in font nullfont!
Missing character: There is no l in font nullfont!
Missing character: There is no e in font nullfont!
Missing character: There is no m in font nullfont!
Missing character: There is no e in font nullfont!
Missing character: There is no n in font nullfont!
Missing character: There is no t in font nullfont!
Missing character: There is no o in font nullfont!
Missing character: There is no n in font nullfont!
Missing character: There is no e in font nullfont!
Missing character: There is no f in font nullfont!
Missing character: There is no e in font nullfont!
Missing character: There is no a in font nullfont!
Missing character: There is no t in font nullfont!
Missing character: There is no u in font nullfont!
Missing character: There is no r in font nullfont!
Missing character: There is no e in font nullfont!
Missing character: There is no a in font nullfont!
Missing character: There is no t in font nullfont!
Missing character: There is no a in font nullfont!
Missing character: There is no t in font nullfont!
Missing character: There is no i in font nullfont!
Missing character: There is no m in font nullfont!
Missing character: There is no e in font nullfont!
Missing character: There is no , in font nullfont!
Missing character: There is no p in font nullfont!
Missing character: There is no r in font nullfont!
Missing character: There is no o in font nullfont!
Missing character: There is no v in font nullfont!
Missing character: There is no i in font nullfont!
Missing character: There is no d in font nullfont!
Missing character: There is no i in font nullfont!
Missing character: There is no n in font nullfont!
Missing character: There is no g in font nullfont!
Missing character: There is no a in font nullfont!
Missing character: There is no w in font nullfont!
Missing character: There is no o in font nullfont!
Missing character: There is no r in font nullfont!
Missing character: There is no k in font nullfont!
Missing character: There is no i in font nullfont!
Missing character: There is no n in font nullfont!
Missing character: There is no g in font nullfont!
Missing character: There is no s in font nullfont!
Missing character: There is no y in font nullfont!
Missing character: There is no s in font nullfont!
Missing character: There is no t in font nullfont!
Missing character: There is no e in font nullfont!
Missing character: There is no m in font nullfont!
Missing character: There is no a in font nullfont!
Missing character: There is no f in font nullfont!
Missing character: There is no t in font nullfont!
Missing character: There is no e in font nullfont!
Missing character: There is no r in font nullfont!
Missing character: There is no e in font nullfont!
Missing character: There is no a in font nullfont!
Missing character: There is no c in font nullfont!
Missing character: There is no h in font nullfont!
Missing character: There is no i in font nullfont!
Missing character: There is no t in font nullfont!
Missing character: There is no e in font nullfont!
Missing character: There is no r in font nullfont!
Missing character: There is no a in font nullfont!
Missing character: There is no t in font nullfont!
Missing character: There is no i in font nullfont!
Missing character: There is no o in font nullfont!
Missing character: There is no n in font nullfont!
Missing character: There is no . in font nullfont!

Overfull \hbox (20.0pt too wide) in paragraph at lines 36--37
[]
 []

Missing character: There is no T in font nullfont!
Missing character: There is no h in font nullfont!
Missing character: There is no e in font nullfont!
Missing character: There is no l in font nullfont!
Missing character: There is no a in font nullfont!
Missing character: There is no s in font nullfont!
Missing character: There is no t in font nullfont!
Missing character: There is no t in font nullfont!
Missing character: There is no h in font nullfont!
Missing character: There is no i in font nullfont!
Missing character: There is no n in font nullfont!
Missing character: There is no g in font nullfont!
Missing character: There is no t in font nullfont!
Missing character: There is no h in font nullfont!
Missing character: There is no a in font nullfont!
Missing character: There is no t in font nullfont!
Missing character: There is no h in font nullfont!
Missing character: There is no a in font nullfont!
Missing character: There is no s in font nullfont!
Missing character: There is no t in font nullfont!
Missing character: There is no o in font nullfont!
Missing character: There is no b in font nullfont!
Missing character: There is no e in font nullfont!
Missing character: There is no c in font nullfont!
Missing character: There is no o in font nullfont!
Missing character: There is no n in font nullfont!
Missing character: There is no s in font nullfont!
Missing character: There is no i in font nullfont!
Missing character: There is no d in font nullfont!
Missing character: There is no e in font nullfont!
Missing character: There is no r in font nullfont!
Missing character: There is no e in font nullfont!
Missing character: There is no d in font nullfont!
Missing character: There is no b in font nullfont!
Missing character: There is no e in font nullfont!
Missing character: There is no f in font nullfont!
Missing character: There is no o in font nullfont!
Missing character: There is no r in font nullfont!
Missing character: There is no e in font nullfont!
Missing character: There is no l in font nullfont!
Missing character: There is no a in font nullfont!
Missing character: There is no u in font nullfont!
Missing character: There is no n in font nullfont!
Missing character: There is no c in font nullfont!
Missing character: There is no h in font nullfont!
Missing character: There is no i in font nullfont!
Missing character: There is no n in font nullfont!
Missing character: There is no g in font nullfont!
Missing character: There is no t in font nullfont!
Missing character: There is no h in font nullfont!
Missing character: There is no e in font nullfont!
Missing character: There is no n in font nullfont!
Missing character: There is no e in font nullfont!
Missing character: There is no x in font nullfont!
Missing character: There is no t in font nullfont!
Missing character: There is no p in font nullfont!
Missing character: There is no h in font nullfont!
Missing character: There is no a in font nullfont!
Missing character: There is no s in font nullfont!
Missing character: There is no e in font nullfont!
Missing character: There is no s in font nullfont!
Missing character: There is no o in font nullfont!
Missing character: There is no f in font nullfont!
Missing character: There is no t in font nullfont!
Missing character: There is no h in font nullfont!
Missing character: There is no e in font nullfont!
Missing character: There is no p in font nullfont!
Missing character: There is no r in font nullfont!
Missing character: There is no o in font nullfont!
Missing character: There is no j in font nullfont!
Missing character: There is no e in font nullfont!
Missing character: There is no c in font nullfont!
Missing character: There is no t in font nullfont!
Missing character: There is no i in font nullfont!
Missing character: There is no s in font nullfont!
Missing character: There is no t in font nullfont!
Missing character: There is no o in font nullfont!
Missing character: There is no d in font nullfont!
Missing character: There is no e in font nullfont!
Missing character: There is no c in font nullfont!
Missing character: There is no i in font nullfont!
Missing character: There is no d in font nullfont!
Missing character: There is no e in font nullfont!
Missing character: There is no o in font nullfont!
Missing character: There is no n in font nullfont!
Missing character: There is no t in font nullfont!
Missing character: There is no h in font nullfont!
Missing character: There is no e in font nullfont!
Missing character: There is no o in font nullfont!
Missing character: There is no r in font nullfont!
Missing character: There is no d in font nullfont!
Missing character: There is no e in font nullfont!
Missing character: There is no r in font nullfont!
Missing character: There is no i in font nullfont!
Missing character: There is no n in font nullfont!
Missing character: There is no w in font nullfont!
Missing character: There is no h in font nullfont!
Missing character: There is no i in font nullfont!
Missing character: There is no c in font nullfont!
Missing character: There is no h in font nullfont!
Missing character: There is no t in font nullfont!
Missing character: There is no h in font nullfont!
Missing character: There is no e in font nullfont!
Missing character: There is no f in font nullfont!
Missing character: There is no e in font nullfont!
Missing character: There is no a in font nullfont!
Missing character: There is no t in font nullfont!
Missing character: There is no u in font nullfont!
Missing character: There is no r in font nullfont!
Missing character: There is no e in font nullfont!
Missing character: There is no s in font nullfont!
Missing character: There is no w in font nullfont!
Missing character: There is no i in font nullfont!
Missing character: There is no l in font nullfont!
Missing character: There is no l in font nullfont!
Missing character: There is no b in font nullfont!
Missing character: There is no e in font nullfont!
Missing character: There is no i in font nullfont!
Missing character: There is no m in font nullfont!
Missing character: There is no p in font nullfont!
Missing character: There is no l in font nullfont!
Missing character: There is no e in font nullfont!
Missing character: There is no m in font nullfont!
Missing character: There is no e in font nullfont!
Missing character: There is no n in font nullfont!
Missing character: There is no t in font nullfont!
Missing character: There is no e in font nullfont!
Missing character: There is no d in font nullfont!
Missing character: There is no . in font nullfont!
Missing character: There is no T in font nullfont!
Missing character: There is no h in font nullfont!
Missing character: There is no i in font nullfont!
Missing character: There is no s in font nullfont!
Missing character: There is no i in font nullfont!
Missing character: There is no s in font nullfont!
Missing character: There is no s in font nullfont!
Missing character: There is no u in font nullfont!
Missing character: There is no e in font nullfont!
Missing character: There is no i in font nullfont!
Missing character: There is no s in font nullfont!
Missing character: There is no a in font nullfont!
Missing character: There is no d in font nullfont!
Missing character: There is no d in font nullfont!
Missing character: There is no r in font nullfont!
Missing character: There is no e in font nullfont!
Missing character: There is no s in font nullfont!
Missing character: There is no s in font nullfont!
Missing character: There is no e in font nullfont!
Missing character: There is no d in font nullfont!
Missing character: There is no i in font nullfont!
Missing character: There is no n in font nullfont!
Missing character: There is no t in font nullfont!
Missing character: There is no h in font nullfont!
Missing character: There is no e in font nullfont!
Missing character: There is no n in font nullfont!
Missing character: There is no e in font nullfont!
Missing character: There is no x in font nullfont!
Missing character: There is no t in font nullfont!
Missing character: There is no s in font nullfont!
Missing character: There is no e in font nullfont!
Missing character: There is no c in font nullfont!
Missing character: There is no t in font nullfont!
Missing character: There is no i in font nullfont!
Missing character: There is no o in font nullfont!
Missing character: There is no n in font nullfont!
Missing character: There is no . in font nullfont!

Overfull \hbox (20.0pt too wide) in paragraph at lines 38--39
[]
 []


! LaTeX Error: Environment figure undefined.

See the LaTeX manual or LaTeX Companion for explanation.
Type  H <return>  for immediate help.
 ...                                              
                                                  
l.40 \begin{figure}
                   [h!]
Your command was ignored.
Type  I <command> <return>  to replace it with another command,
or  <return>  to continue without it.

Missing character: There is no [ in font nullfont!
Missing character: There is no h in font nullfont!
Missing character: There is no ! in font nullfont!
Missing character: There is no ] in font nullfont!
! Undefined control sequence.
l.42       \includegraphics
                           {introduction/WorkOrganization.jpg}
The control sequence at the end of the top line
of your error message was never \def'ed. If you have
misspelled it (e.g., `\hobx'), type `I' and the correct
spelling (e.g., `I\hbox'). Otherwise just continue,
and I'll forget about whatever was undefined.

Missing character: There is no i in font nullfont!
Missing character: There is no n in font nullfont!
Missing character: There is no t in font nullfont!
Missing character: There is no r in font nullfont!
Missing character: There is no o in font nullfont!
Missing character: There is no d in font nullfont!
Missing character: There is no u in font nullfont!
Missing character: There is no c in font nullfont!
Missing character: There is no t in font nullfont!
Missing character: There is no i in font nullfont!
Missing character: There is no o in font nullfont!
Missing character: There is no n in font nullfont!
Missing character: There is no / in font nullfont!
Missing character: There is no W in font nullfont!
Missing character: There is no o in font nullfont!
Missing character: There is no r in font nullfont!
Missing character: There is no k in font nullfont!
Missing character: There is no O in font nullfont!
Missing character: There is no r in font nullfont!
Missing character: There is no g in font nullfont!
Missing character: There is no a in font nullfont!
Missing character: There is no n in font nullfont!
Missing character: There is no i in font nullfont!
Missing character: There is no z in font nullfont!
Missing character: There is no a in font nullfont!
Missing character: There is no t in font nullfont!
Missing character: There is no i in font nullfont!
Missing character: There is no o in font nullfont!
Missing character: There is no n in font nullfont!
Missing character: There is no . in font nullfont!
Missing character: There is no j in font nullfont!
Missing character: There is no p in font nullfont!
Missing character: There is no g in font nullfont!

! LaTeX Error: \caption outside float.

See the LaTeX manual or LaTeX Companion for explanation.
Type  H <return>  for immediate help.
 ...                                              
                                                  
l.43   \caption
               {Flow chart defining the sequence of actions taken in order t...

You're in trouble here.  Try typing  <return>  to proceed.
If that doesn't work, type  X <return>  to quit.

Missing character: There is no F in font nullfont!
Missing character: There is no l in font nullfont!
Missing character: There is no o in font nullfont!
Missing character: There is no w in font nullfont!
Missing character: There is no c in font nullfont!
Missing character: There is no h in font nullfont!
Missing character: There is no a in font nullfont!
Missing character: There is no r in font nullfont!
Missing character: There is no t in font nullfont!
Missing character: There is no d in font nullfont!
Missing character: There is no e in font nullfont!
Missing character: There is no f in font nullfont!
Missing character: There is no i in font nullfont!
Missing character: There is no n in font nullfont!
Missing character: There is no i in font nullfont!
Missing character: There is no n in font nullfont!
Missing character: There is no g in font nullfont!
Missing character: There is no t in font nullfont!
Missing character: There is no h in font nullfont!
Missing character: There is no e in font nullfont!
Missing character: There is no s in font nullfont!
Missing character: There is no e in font nullfont!
Missing character: There is no q in font nullfont!
Missing character: There is no u in font nullfont!
Missing character: There is no e in font nullfont!
Missing character: There is no n in font nullfont!
Missing character: There is no c in font nullfont!
Missing character: There is no e in font nullfont!
Missing character: There is no o in font nullfont!
Missing character: There is no f in font nullfont!
Missing character: There is no a in font nullfont!
Missing character: There is no c in font nullfont!
Missing character: There is no t in font nullfont!
Missing character: There is no i in font nullfont!
Missing character: There is no o in font nullfont!
Missing character: There is no n in font nullfont!
Missing character: There is no s in font nullfont!
Missing character: There is no t in font nullfont!
Missing character: There is no a in font nullfont!
Missing character: There is no k in font nullfont!
Missing character: There is no e in font nullfont!
Missing character: There is no n in font nullfont!
Missing character: There is no i in font nullfont!
Missing character: There is no n in font nullfont!
Missing character: There is no o in font nullfont!
Missing character: There is no r in font nullfont!
Missing character: There is no d in font nullfont!
Missing character: There is no e in font nullfont!
Missing character: There is no r in font nullfont!
Missing character: There is no t in font nullfont!
Missing character: There is no o in font nullfont!
Missing character: There is no c in font nullfont!
Missing character: There is no o in font nullfont!
Missing character: There is no m in font nullfont!
Missing character: There is no p in font nullfont!
Missing character: There is no l in font nullfont!
Missing character: There is no e in font nullfont!
Missing character: There is no t in font nullfont!
Missing character: There is no e in font nullfont!
Missing character: There is no t in font nullfont!
Missing character: There is no h in font nullfont!
Missing character: There is no e in font nullfont!
Missing character: There is no p in font nullfont!
Missing character: There is no r in font nullfont!
Missing character: There is no o in font nullfont!
Missing character: There is no j in font nullfont!
Missing character: There is no e in font nullfont!
Missing character: There is no c in font nullfont!
Missing character: There is no t in font nullfont!
Missing character: There is no . in font nullfont!

! LaTeX Error: \begin{document} ended by \end{figure}.

See the LaTeX manual or LaTeX Companion for explanation.
Type  H <return>  for immediate help.
 ...                                              
                                                  
l.44 \end{figure}
                 
Your command was ignored.
Type  I <command> <return>  to replace it with another command,
or  <return>  to continue without it.


Overfull \hbox (20.0pt too wide) in paragraph at lines 40--45
[]
 []

! Undefined control sequence.
l.46 \subsection
                {Organization of the thesis}
The control sequence at the end of the top line
of your error message was never \def'ed. If you have
misspelled it (e.g., `\hobx'), type `I' and the correct
spelling (e.g., `I\hbox'). Otherwise just continue,
and I'll forget about whatever was undefined.

Missing character: There is no O in font nullfont!
Missing character: There is no r in font nullfont!
Missing character: There is no g in font nullfont!
Missing character: There is no a in font nullfont!
Missing character: There is no n in font nullfont!
Missing character: There is no i in font nullfont!
Missing character: There is no z in font nullfont!
Missing character: There is no a in font nullfont!
Missing character: There is no t in font nullfont!
Missing character: There is no i in font nullfont!
Missing character: There is no o in font nullfont!
Missing character: There is no n in font nullfont!
Missing character: There is no o in font nullfont!
Missing character: There is no f in font nullfont!
Missing character: There is no t in font nullfont!
Missing character: There is no h in font nullfont!
Missing character: There is no e in font nullfont!
Missing character: There is no t in font nullfont!
Missing character: There is no h in font nullfont!
Missing character: There is no e in font nullfont!
Missing character: There is no s in font nullfont!
Missing character: There is no i in font nullfont!
Missing character: There is no s in font nullfont!

Overfull \hbox (20.0pt too wide) in paragraph at lines 46--47
[]
 []

)
! Emergency stop.
<*> introduction.tex
                    
*** (job aborted, no legal \end found)

 
Here is how much of TeX's memory you used:
 14 strings out of 494045
 342 string characters out of 3148378
 52890 words of memory out of 3000000
 3405 multiletter control sequences out of 15000+200000
 3948 words of font info for 15 fonts, out of 3000000 for 9000
 715 hyphenation exceptions out of 8191
 13i,1n,10p,222b,112s stack positions out of 5000i,500n,10000p,200000b,50000s
!  ==> Fatal error occurred, no output PDF file produced!
